[19-May-2025 01:12:16 Europe/Berlin] Redirecting to: / from Controllers\ShipyardController::index. Session ID: o1ljf2j09m7jvj3rbj18hjjbst Session Data: Array
(
    [user_id] => 1
    [error_message] => Invalid message ID.
)

[19-May-2025 01:12:17 Europe/Berlin] Redirecting to: / from Controllers\ShipyardController::fleet. Session ID: o1ljf2j09m7jvj3rbj18hjjbst Session Data: Array
(
    [user_id] => 1
    [error_message] => Invalid message ID.
)

[19-May-2025 01:12:21 Europe/Berlin] Redirecting to: / from Controllers\ShipyardController::fleet. Session ID: o1ljf2j09m7jvj3rbj18hjjbst Session Data: Array
(
    [user_id] => 1
    [error_message] => Invalid message ID.
)

[19-May-2025 01:12:22 Europe/Berlin] Redirecting to: / from Controllers\ShipyardController::fleet. Session ID: o1ljf2j09m7jvj3rbj18hjjbst Session Data: Array
(
    [user_id] => 1
    [error_message] => Invalid message ID.
)

[19-May-2025 01:12:22 Europe/Berlin] Redirecting to: / from Controllers\ShipyardController::fleet. Session ID: o1ljf2j09m7jvj3rbj18hjjbst Session Data: Array
(
    [user_id] => 1
    [error_message] => Invalid message ID.
)

[19-May-2025 01:12:24 Europe/Berlin] Redirecting to: / from Controllers\ShipyardController::index. Session ID: o1ljf2j09m7jvj3rbj18hjjbst Session Data: Array
(
    [user_id] => 1
    [error_message] => Invalid message ID.
)

[19-May-2025 01:12:36 Europe/Berlin] Redirecting to: /messages from Controllers\MessageController::view. Session ID: o1ljf2j09m7jvj3rbj18hjjbst Session Data: Array
(
    [user_id] => 1
    [error_message] => Invalid message ID.
)

[19-May-2025 01:12:36 Europe/Berlin] Redirecting to: /messages from Controllers\MessageController::view. Session ID: o1ljf2j09m7jvj3rbj18hjjbst Session Data: Array
(
    [user_id] => 1
    [error_message] => Invalid message ID.
)

[19-May-2025 01:12:36 Europe/Berlin] Redirecting to: /messages from Controllers\MessageController::view. Session ID: o1ljf2j09m7jvj3rbj18hjjbst Session Data: Array
(
    [user_id] => 1
    [error_message] => Invalid message ID.
)

[19-May-2025 01:12:36 Europe/Berlin] Redirecting to: /messages from Controllers\MessageController::view. Session ID: o1ljf2j09m7jvj3rbj18hjjbst Session Data: Array
(
    [user_id] => 1
    [error_message] => Invalid message ID.
)

[19-May-2025 01:12:36 Europe/Berlin] Redirecting to: /messages from Controllers\MessageController::view. Session ID: o1ljf2j09m7jvj3rbj18hjjbst Session Data: Array
(
    [user_id] => 1
    [error_message] => Invalid message ID.
)

[19-May-2025 01:12:36 Europe/Berlin] Redirecting to: /messages from Controllers\MessageController::view. Session ID: o1ljf2j09m7jvj3rbj18hjjbst Session Data: Array
(
    [user_id] => 1
    [error_message] => Invalid message ID.
)

[19-May-2025 01:12:36 Europe/Berlin] Redirecting to: /messages from Controllers\MessageController::view. Session ID: o1ljf2j09m7jvj3rbj18hjjbst Session Data: Array
(
    [user_id] => 1
    [error_message] => Invalid message ID.
)

[19-May-2025 01:12:36 Europe/Berlin] Redirecting to: /messages from Controllers\MessageController::view. Session ID: o1ljf2j09m7jvj3rbj18hjjbst Session Data: Array
(
    [user_id] => 1
    [error_message] => Invalid message ID.
)

[19-May-2025 01:12:36 Europe/Berlin] Redirecting to: /messages from Controllers\MessageController::view. Session ID: o1ljf2j09m7jvj3rbj18hjjbst Session Data: Array
(
    [user_id] => 1
    [error_message] => Invalid message ID.
)

[19-May-2025 01:12:36 Europe/Berlin] Redirecting to: /messages from Controllers\MessageController::view. Session ID: o1ljf2j09m7jvj3rbj18hjjbst Session Data: Array
(
    [user_id] => 1
    [error_message] => Invalid message ID.
)

[19-May-2025 01:12:36 Europe/Berlin] Redirecting to: /messages from Controllers\MessageController::view. Session ID: o1ljf2j09m7jvj3rbj18hjjbst Session Data: Array
(
    [user_id] => 1
    [error_message] => Invalid message ID.
)

[19-May-2025 01:12:37 Europe/Berlin] Redirecting to: /messages from Controllers\MessageController::view. Session ID: o1ljf2j09m7jvj3rbj18hjjbst Session Data: Array
(
    [user_id] => 1
    [error_message] => Invalid message ID.
)

[19-May-2025 01:12:37 Europe/Berlin] Redirecting to: /messages from Controllers\MessageController::view. Session ID: o1ljf2j09m7jvj3rbj18hjjbst Session Data: Array
(
    [user_id] => 1
    [error_message] => Invalid message ID.
)

[19-May-2025 01:12:37 Europe/Berlin] Redirecting to: /messages from Controllers\MessageController::view. Session ID: o1ljf2j09m7jvj3rbj18hjjbst Session Data: Array
(
    [user_id] => 1
    [error_message] => Invalid message ID.
)

[19-May-2025 01:12:37 Europe/Berlin] Redirecting to: /messages from Controllers\MessageController::view. Session ID: o1ljf2j09m7jvj3rbj18hjjbst Session Data: Array
(
    [user_id] => 1
    [error_message] => Invalid message ID.
)

[19-May-2025 01:12:37 Europe/Berlin] Redirecting to: /messages from Controllers\MessageController::view. Session ID: o1ljf2j09m7jvj3rbj18hjjbst Session Data: Array
(
    [user_id] => 1
    [error_message] => Invalid message ID.
)

[19-May-2025 01:12:37 Europe/Berlin] Redirecting to: /messages from Controllers\MessageController::view. Session ID: o1ljf2j09m7jvj3rbj18hjjbst Session Data: Array
(
    [user_id] => 1
    [error_message] => Invalid message ID.
)

[19-May-2025 01:12:37 Europe/Berlin] Redirecting to: /messages from Controllers\MessageController::view. Session ID: o1ljf2j09m7jvj3rbj18hjjbst Session Data: Array
(
    [user_id] => 1
    [error_message] => Invalid message ID.
)

[19-May-2025 01:12:37 Europe/Berlin] Redirecting to: /messages from Controllers\MessageController::view. Session ID: o1ljf2j09m7jvj3rbj18hjjbst Session Data: Array
(
    [user_id] => 1
    [error_message] => Invalid message ID.
)

[19-May-2025 01:12:37 Europe/Berlin] Redirecting to: /messages from Controllers\MessageController::view. Session ID: o1ljf2j09m7jvj3rbj18hjjbst Session Data: Array
(
    [user_id] => 1
    [error_message] => Invalid message ID.
)

[19-May-2025 01:12:38 Europe/Berlin] Redirecting to: /messages from Controllers\MessageController::view. Session ID: o1ljf2j09m7jvj3rbj18hjjbst Session Data: Array
(
    [user_id] => 1
    [error_message] => Invalid message ID.
)

[19-May-2025 01:12:38 Europe/Berlin] Redirecting to: /messages from Controllers\MessageController::view. Session ID: o1ljf2j09m7jvj3rbj18hjjbst Session Data: Array
(
    [user_id] => 1
    [error_message] => Invalid message ID.
)

[19-May-2025 01:12:38 Europe/Berlin] Redirecting to: /messages from Controllers\MessageController::view. Session ID: o1ljf2j09m7jvj3rbj18hjjbst Session Data: Array
(
    [user_id] => 1
    [error_message] => Invalid message ID.
)

[19-May-2025 01:12:38 Europe/Berlin] Redirecting to: /messages from Controllers\MessageController::view. Session ID: o1ljf2j09m7jvj3rbj18hjjbst Session Data: Array
(
    [user_id] => 1
    [error_message] => Invalid message ID.
)

[19-May-2025 01:12:38 Europe/Berlin] Redirecting to: /messages from Controllers\MessageController::view. Session ID: o1ljf2j09m7jvj3rbj18hjjbst Session Data: Array
(
    [user_id] => 1
    [error_message] => Invalid message ID.
)

[19-May-2025 01:12:38 Europe/Berlin] Redirecting to: /messages from Controllers\MessageController::view. Session ID: o1ljf2j09m7jvj3rbj18hjjbst Session Data: Array
(
    [user_id] => 1
    [error_message] => Invalid message ID.
)

[19-May-2025 01:12:38 Europe/Berlin] Redirecting to: /messages from Controllers\MessageController::view. Session ID: o1ljf2j09m7jvj3rbj18hjjbst Session Data: Array
(
    [user_id] => 1
    [error_message] => Invalid message ID.
)

[19-May-2025 01:12:38 Europe/Berlin] Redirecting to: /messages from Controllers\MessageController::view. Session ID: o1ljf2j09m7jvj3rbj18hjjbst Session Data: Array
(
    [user_id] => 1
    [error_message] => Invalid message ID.
)

[19-May-2025 01:12:38 Europe/Berlin] Redirecting to: /messages from Controllers\MessageController::view. Session ID: o1ljf2j09m7jvj3rbj18hjjbst Session Data: Array
(
    [user_id] => 1
    [error_message] => Invalid message ID.
)

[19-May-2025 01:12:38 Europe/Berlin] Redirecting to: /messages from Controllers\MessageController::view. Session ID: o1ljf2j09m7jvj3rbj18hjjbst Session Data: Array
(
    [user_id] => 1
    [error_message] => Invalid message ID.
)

[19-May-2025 01:12:38 Europe/Berlin] Redirecting to: /messages from Controllers\MessageController::view. Session ID: o1ljf2j09m7jvj3rbj18hjjbst Session Data: Array
(
    [user_id] => 1
    [error_message] => Invalid message ID.
)

[19-May-2025 01:12:38 Europe/Berlin] Redirecting to: /messages from Controllers\MessageController::view. Session ID: o1ljf2j09m7jvj3rbj18hjjbst Session Data: Array
(
    [user_id] => 1
    [error_message] => Invalid message ID.
)

[19-May-2025 01:12:38 Europe/Berlin] Redirecting to: /messages from Controllers\MessageController::view. Session ID: o1ljf2j09m7jvj3rbj18hjjbst Session Data: Array
(
    [user_id] => 1
    [error_message] => Invalid message ID.
)

[19-May-2025 01:12:38 Europe/Berlin] Redirecting to: /messages from Controllers\MessageController::view. Session ID: o1ljf2j09m7jvj3rbj18hjjbst Session Data: Array
(
    [user_id] => 1
    [error_message] => Invalid message ID.
)

[19-May-2025 01:12:38 Europe/Berlin] Redirecting to: /messages from Controllers\MessageController::view. Session ID: o1ljf2j09m7jvj3rbj18hjjbst Session Data: Array
(
    [user_id] => 1
    [error_message] => Invalid message ID.
)

[19-May-2025 01:12:38 Europe/Berlin] Redirecting to: /messages from Controllers\MessageController::view. Session ID: o1ljf2j09m7jvj3rbj18hjjbst Session Data: Array
(
    [user_id] => 1
    [error_message] => Invalid message ID.
)

[19-May-2025 01:12:38 Europe/Berlin] Redirecting to: /messages from Controllers\MessageController::view. Session ID: o1ljf2j09m7jvj3rbj18hjjbst Session Data: Array
(
    [user_id] => 1
    [error_message] => Invalid message ID.
)

[19-May-2025 01:12:38 Europe/Berlin] Redirecting to: /messages from Controllers\MessageController::view. Session ID: o1ljf2j09m7jvj3rbj18hjjbst Session Data: Array
(
    [user_id] => 1
    [error_message] => Invalid message ID.
)

[19-May-2025 01:12:38 Europe/Berlin] Redirecting to: /messages from Controllers\MessageController::view. Session ID: o1ljf2j09m7jvj3rbj18hjjbst Session Data: Array
(
    [user_id] => 1
    [error_message] => Invalid message ID.
)

[19-May-2025 01:12:38 Europe/Berlin] Redirecting to: /messages from Controllers\MessageController::view. Session ID: o1ljf2j09m7jvj3rbj18hjjbst Session Data: Array
(
    [user_id] => 1
    [error_message] => Invalid message ID.
)

[19-May-2025 01:12:41 Europe/Berlin] PHP Warning:  Undefined variable $activeTab in F:\sdi\wog\SpacegameX\templates\game\_messages_navigation.php on line 3
[19-May-2025 01:12:41 Europe/Berlin] PHP Warning:  Undefined variable $activeTab in F:\sdi\wog\SpacegameX\templates\game\_messages_navigation.php on line 6
[19-May-2025 01:12:41 Europe/Berlin] PHP Warning:  Undefined variable $activeTab in F:\sdi\wog\SpacegameX\templates\game\_messages_navigation.php on line 9
[19-May-2025 01:13:01 Europe/Berlin] Redirecting to: /login from Controllers\AuthController::logout. Session ID:  Session Data: Array
(
    [user_id] => 1
)

[19-May-2025 01:13:01 Europe/Berlin] Redirecting to: /login from Controllers\GameController::overview. Session ID: o1ljf2j09m7jvj3rbj18hjjbst Session Data: Array
(
)

[19-May-2025 01:13:09 Europe/Berlin] Redirecting to: / from Controllers\AuthController::login. Session ID: o1ljf2j09m7jvj3rbj18hjjbst Session Data: Array
(
    [user_id] => 1
)

